[2021-01-10 17:21:53,115] INFO Terminating process due to signal SIGINT (org.apache.kafka.common.utils.LoggingSignalHandler)
[2021-01-10 17:21:53,118] INFO [KafkaServer id=2] shutting down (kafka.server.KafkaServer)
[2021-01-10 17:21:53,119] INFO [KafkaServer id=2] Starting controlled shutdown (kafka.server.KafkaServer)
[2021-01-10 17:21:53,138] INFO [KafkaServer id=2] Controlled shutdown succeeded (kafka.server.KafkaServer)
[2021-01-10 17:21:53,144] INFO [/config/changes-event-process-thread]: Shutting down (kafka.common.ZkNodeChangeNotificationListener$ChangeEventProcessThread)
[2021-01-10 17:21:53,144] INFO [/config/changes-event-process-thread]: Stopped (kafka.common.ZkNodeChangeNotificationListener$ChangeEventProcessThread)
[2021-01-10 17:21:53,144] INFO [/config/changes-event-process-thread]: Shutdown completed (kafka.common.ZkNodeChangeNotificationListener$ChangeEventProcessThread)
[2021-01-10 17:21:53,145] INFO [SocketServer brokerId=2] Stopping socket server request processors (kafka.network.SocketServer)
[2021-01-10 17:21:53,149] INFO [SocketServer brokerId=2] Stopped socket server request processors (kafka.network.SocketServer)
[2021-01-10 17:21:53,150] INFO [data-plane Kafka Request Handler on Broker 2], shutting down (kafka.server.KafkaRequestHandlerPool)
[2021-01-10 17:21:53,152] INFO [data-plane Kafka Request Handler on Broker 2], shut down completely (kafka.server.KafkaRequestHandlerPool)
[2021-01-10 17:21:53,154] INFO [ExpirationReaper-2-AlterAcls]: Shutting down (kafka.server.DelayedOperationPurgatory$ExpiredOperationReaper)
[2021-01-10 17:21:53,204] INFO [ExpirationReaper-2-AlterAcls]: Stopped (kafka.server.DelayedOperationPurgatory$ExpiredOperationReaper)
[2021-01-10 17:21:53,204] INFO [ExpirationReaper-2-AlterAcls]: Shutdown completed (kafka.server.DelayedOperationPurgatory$ExpiredOperationReaper)
[2021-01-10 17:21:53,206] INFO [KafkaApi-2] Shutdown complete. (kafka.server.KafkaApis)
[2021-01-10 17:21:53,206] INFO [ExpirationReaper-2-topic]: Shutting down (kafka.server.DelayedOperationPurgatory$ExpiredOperationReaper)
[2021-01-10 17:21:53,406] INFO [ExpirationReaper-2-topic]: Stopped (kafka.server.DelayedOperationPurgatory$ExpiredOperationReaper)
[2021-01-10 17:21:53,406] INFO [ExpirationReaper-2-topic]: Shutdown completed (kafka.server.DelayedOperationPurgatory$ExpiredOperationReaper)
[2021-01-10 17:21:53,409] INFO [TransactionCoordinator id=2] Shutting down. (kafka.coordinator.transaction.TransactionCoordinator)
[2021-01-10 17:21:53,409] INFO [ProducerId Manager 2]: Shutdown complete: last producerId assigned 1000 (kafka.coordinator.transaction.ProducerIdManager)
[2021-01-10 17:21:53,410] INFO [Transaction State Manager 2]: Shutdown complete (kafka.coordinator.transaction.TransactionStateManager)
[2021-01-10 17:21:53,410] INFO [Transaction Marker Channel Manager 2]: Shutting down (kafka.coordinator.transaction.TransactionMarkerChannelManager)
[2021-01-10 17:21:53,410] INFO [Transaction Marker Channel Manager 2]: Stopped (kafka.coordinator.transaction.TransactionMarkerChannelManager)
[2021-01-10 17:21:53,410] INFO [Transaction Marker Channel Manager 2]: Shutdown completed (kafka.coordinator.transaction.TransactionMarkerChannelManager)
[2021-01-10 17:21:53,410] INFO [TransactionCoordinator id=2] Shutdown complete. (kafka.coordinator.transaction.TransactionCoordinator)
[2021-01-10 17:21:53,411] INFO [GroupCoordinator 2]: Shutting down. (kafka.coordinator.group.GroupCoordinator)
[2021-01-10 17:21:53,411] INFO [ExpirationReaper-2-Heartbeat]: Shutting down (kafka.server.DelayedOperationPurgatory$ExpiredOperationReaper)
[2021-01-10 17:21:53,609] INFO [ExpirationReaper-2-Heartbeat]: Stopped (kafka.server.DelayedOperationPurgatory$ExpiredOperationReaper)
[2021-01-10 17:21:53,609] INFO [ExpirationReaper-2-Heartbeat]: Shutdown completed (kafka.server.DelayedOperationPurgatory$ExpiredOperationReaper)
[2021-01-10 17:21:53,610] INFO [ExpirationReaper-2-Rebalance]: Shutting down (kafka.server.DelayedOperationPurgatory$ExpiredOperationReaper)
[2021-01-10 17:21:53,814] INFO [ExpirationReaper-2-Rebalance]: Stopped (kafka.server.DelayedOperationPurgatory$ExpiredOperationReaper)
[2021-01-10 17:21:53,814] INFO [ExpirationReaper-2-Rebalance]: Shutdown completed (kafka.server.DelayedOperationPurgatory$ExpiredOperationReaper)
[2021-01-10 17:21:53,815] INFO [GroupCoordinator 2]: Shutdown complete. (kafka.coordinator.group.GroupCoordinator)
[2021-01-10 17:21:53,817] INFO [ReplicaManager broker=2] Shutting down (kafka.server.ReplicaManager)
[2021-01-10 17:21:53,817] INFO [LogDirFailureHandler]: Shutting down (kafka.server.ReplicaManager$LogDirFailureHandler)
[2021-01-10 17:21:53,817] INFO [LogDirFailureHandler]: Stopped (kafka.server.ReplicaManager$LogDirFailureHandler)
[2021-01-10 17:21:53,817] INFO [LogDirFailureHandler]: Shutdown completed (kafka.server.ReplicaManager$LogDirFailureHandler)
[2021-01-10 17:21:53,818] INFO [ReplicaFetcherManager on broker 2] shutting down (kafka.server.ReplicaFetcherManager)
[2021-01-10 17:21:53,819] INFO [ReplicaFetcherManager on broker 2] shutdown completed (kafka.server.ReplicaFetcherManager)
[2021-01-10 17:21:53,820] INFO [ReplicaAlterLogDirsManager on broker 2] shutting down (kafka.server.ReplicaAlterLogDirsManager)
[2021-01-10 17:21:53,820] INFO [ReplicaAlterLogDirsManager on broker 2] shutdown completed (kafka.server.ReplicaAlterLogDirsManager)
[2021-01-10 17:21:53,820] INFO [ExpirationReaper-2-Fetch]: Shutting down (kafka.server.DelayedOperationPurgatory$ExpiredOperationReaper)
[2021-01-10 17:21:54,018] INFO [ExpirationReaper-2-Fetch]: Stopped (kafka.server.DelayedOperationPurgatory$ExpiredOperationReaper)
[2021-01-10 17:21:54,018] INFO [ExpirationReaper-2-Fetch]: Shutdown completed (kafka.server.DelayedOperationPurgatory$ExpiredOperationReaper)
[2021-01-10 17:21:54,018] INFO [ExpirationReaper-2-Produce]: Shutting down (kafka.server.DelayedOperationPurgatory$ExpiredOperationReaper)
[2021-01-10 17:21:54,218] INFO [ExpirationReaper-2-Produce]: Stopped (kafka.server.DelayedOperationPurgatory$ExpiredOperationReaper)
[2021-01-10 17:21:54,218] INFO [ExpirationReaper-2-Produce]: Shutdown completed (kafka.server.DelayedOperationPurgatory$ExpiredOperationReaper)
[2021-01-10 17:21:54,218] INFO [ExpirationReaper-2-DeleteRecords]: Shutting down (kafka.server.DelayedOperationPurgatory$ExpiredOperationReaper)
[2021-01-10 17:21:54,421] INFO [ExpirationReaper-2-DeleteRecords]: Stopped (kafka.server.DelayedOperationPurgatory$ExpiredOperationReaper)
[2021-01-10 17:21:54,421] INFO [ExpirationReaper-2-DeleteRecords]: Shutdown completed (kafka.server.DelayedOperationPurgatory$ExpiredOperationReaper)
[2021-01-10 17:21:54,422] INFO [ExpirationReaper-2-ElectLeader]: Shutting down (kafka.server.DelayedOperationPurgatory$ExpiredOperationReaper)
[2021-01-10 17:21:54,623] INFO [ExpirationReaper-2-ElectLeader]: Stopped (kafka.server.DelayedOperationPurgatory$ExpiredOperationReaper)
[2021-01-10 17:21:54,623] INFO [ExpirationReaper-2-ElectLeader]: Shutdown completed (kafka.server.DelayedOperationPurgatory$ExpiredOperationReaper)
[2021-01-10 17:21:54,630] INFO [ReplicaManager broker=2] Shut down completely (kafka.server.ReplicaManager)
[2021-01-10 17:21:54,631] INFO [broker-2-to-controller-send-thread]: Shutting down (kafka.server.BrokerToControllerRequestThread)
[2021-01-10 17:21:54,631] INFO [broker-2-to-controller-send-thread]: Stopped (kafka.server.BrokerToControllerRequestThread)
[2021-01-10 17:21:54,631] INFO [broker-2-to-controller-send-thread]: Shutdown completed (kafka.server.BrokerToControllerRequestThread)
[2021-01-10 17:21:54,631] INFO [broker-2-to-controller-send-thread]: Shutdown completed (kafka.server.BrokerToControllerRequestThread)
[2021-01-10 17:21:54,632] INFO Shutting down. (kafka.log.LogManager)
[2021-01-10 17:21:54,669] INFO Shutdown complete. (kafka.log.LogManager)
[2021-01-10 17:21:54,676] INFO [feature-zk-node-event-process-thread]: Shutting down (kafka.server.FinalizedFeatureChangeListener$ChangeNotificationProcessorThread)
[2021-01-10 17:21:54,677] INFO [feature-zk-node-event-process-thread]: Stopped (kafka.server.FinalizedFeatureChangeListener$ChangeNotificationProcessorThread)
[2021-01-10 17:21:54,677] INFO [feature-zk-node-event-process-thread]: Shutdown completed (kafka.server.FinalizedFeatureChangeListener$ChangeNotificationProcessorThread)
[2021-01-10 17:21:54,678] INFO [ZooKeeperClient Kafka server] Closing. (kafka.zookeeper.ZooKeeperClient)
[2021-01-10 17:21:54,786] INFO Session: 0x10021ce17b10002 closed (org.apache.zookeeper.ZooKeeper)
[2021-01-10 17:21:54,786] INFO EventThread shut down for session: 0x10021ce17b10002 (org.apache.zookeeper.ClientCnxn)
[2021-01-10 17:21:54,787] INFO [ZooKeeperClient Kafka server] Closed. (kafka.zookeeper.ZooKeeperClient)
[2021-01-10 17:21:54,787] INFO [ThrottledChannelReaper-Fetch]: Shutting down (kafka.server.ClientQuotaManager$ThrottledChannelReaper)
[2021-01-10 17:21:55,426] INFO [ThrottledChannelReaper-Fetch]: Stopped (kafka.server.ClientQuotaManager$ThrottledChannelReaper)
[2021-01-10 17:21:55,426] INFO [ThrottledChannelReaper-Fetch]: Shutdown completed (kafka.server.ClientQuotaManager$ThrottledChannelReaper)
[2021-01-10 17:21:55,426] INFO [ThrottledChannelReaper-Produce]: Shutting down (kafka.server.ClientQuotaManager$ThrottledChannelReaper)
[2021-01-10 17:21:56,428] INFO [ThrottledChannelReaper-Produce]: Stopped (kafka.server.ClientQuotaManager$ThrottledChannelReaper)
[2021-01-10 17:21:56,428] INFO [ThrottledChannelReaper-Produce]: Shutdown completed (kafka.server.ClientQuotaManager$ThrottledChannelReaper)
[2021-01-10 17:21:56,428] INFO [ThrottledChannelReaper-Request]: Shutting down (kafka.server.ClientQuotaManager$ThrottledChannelReaper)
[2021-01-10 17:21:57,428] INFO [ThrottledChannelReaper-Request]: Stopped (kafka.server.ClientQuotaManager$ThrottledChannelReaper)
[2021-01-10 17:21:57,428] INFO [ThrottledChannelReaper-Request]: Shutdown completed (kafka.server.ClientQuotaManager$ThrottledChannelReaper)
[2021-01-10 17:21:57,428] INFO [ThrottledChannelReaper-ControllerMutation]: Shutting down (kafka.server.ClientQuotaManager$ThrottledChannelReaper)
[2021-01-10 17:21:58,432] INFO [ThrottledChannelReaper-ControllerMutation]: Stopped (kafka.server.ClientQuotaManager$ThrottledChannelReaper)
[2021-01-10 17:21:58,432] INFO [ThrottledChannelReaper-ControllerMutation]: Shutdown completed (kafka.server.ClientQuotaManager$ThrottledChannelReaper)
[2021-01-10 17:21:58,433] INFO [SocketServer brokerId=2] Shutting down socket server (kafka.network.SocketServer)
[2021-01-10 17:21:58,456] INFO [SocketServer brokerId=2] Shutdown completed (kafka.network.SocketServer)
[2021-01-10 17:21:58,457] INFO Metrics scheduler closed (org.apache.kafka.common.metrics.Metrics)
[2021-01-10 17:21:58,457] INFO Closing reporter org.apache.kafka.common.metrics.JmxReporter (org.apache.kafka.common.metrics.Metrics)
[2021-01-10 17:21:58,457] INFO Metrics reporters closed (org.apache.kafka.common.metrics.Metrics)
[2021-01-10 17:21:58,459] INFO Broker and topic stats closed (kafka.server.BrokerTopicStats)
[2021-01-10 17:21:58,460] INFO App info kafka.server for 2 unregistered (org.apache.kafka.common.utils.AppInfoParser)
[2021-01-10 17:21:58,460] INFO [KafkaServer id=2] shut down completed (kafka.server.KafkaServer)
